<?xml version="1.0" encoding="UTF-8"?>
<testng-results skipped="0" failed="0" ignored="0" total="2" passed="2">
  <reporter-output>
  </reporter-output>
  <suite name="Default suite" duration-ms="5586" started-at="2021-06-12T15:33:22 EDT" finished-at="2021-06-12T15:33:28 EDT">
    <groups>
    </groups>
    <test name="Default test" duration-ms="5586" started-at="2021-06-12T15:33:22 EDT" finished-at="2021-06-12T15:33:28 EDT">
      <class name="com.rsabasics.JiraTest">
        <test-method status="PASS" signature="CreateSession()[pri:0, instance:com.rsabasics.JiraTest@2a17b7b6]" name="CreateSession" is-config="true" duration-ms="4779" started-at="2021-06-12T15:33:22 EDT" finished-at="2021-06-12T15:33:27 EDT">
          <reporter-output>
          </reporter-output>
        </test-method> <!-- CreateSession -->
        <test-method status="PASS" signature="AddComment()[pri:0, instance:com.rsabasics.JiraTest@2a17b7b6]" name="AddComment" duration-ms="475" started-at="2021-06-12T15:33:27 EDT" finished-at="2021-06-12T15:33:27 EDT">
          <reporter-output>
          </reporter-output>
        </test-method> <!-- AddComment -->
        <test-method status="PASS" signature="GetIssue()[pri:0, instance:com.rsabasics.JiraTest@2a17b7b6]" name="GetIssue" duration-ms="250" started-at="2021-06-12T15:33:27 EDT" finished-at="2021-06-12T15:33:28 EDT">
          <reporter-output>
          </reporter-output>
        </test-method> <!-- GetIssue -->
      </class> <!-- com.rsabasics.JiraTest -->
    </test> <!-- Default test -->
  </suite> <!-- Default suite -->
</testng-results>
