<?xml version="1.0" encoding="UTF-8"?>
<testng-results skipped="0" failed="0" ignored="0" total="1" passed="1">
  <reporter-output>
  </reporter-output>
  <suite name="Default suite" duration-ms="6552" started-at="2021-06-12T21:42:53 EDT" finished-at="2021-06-12T21:42:59 EDT">
    <groups>
    </groups>
    <test name="Default test" duration-ms="6552" started-at="2021-06-12T21:42:53 EDT" finished-at="2021-06-12T21:42:59 EDT">
      <class name="com.rsabasics.SerializeTest">
        <test-method status="PASS" signature="Setup()[pri:0, instance:com.rsabasics.SerializeTest@3b088d51]" name="Setup" is-config="true" duration-ms="921" started-at="2021-06-12T21:42:53 EDT" finished-at="2021-06-12T21:42:54 EDT">
          <reporter-output>
          </reporter-output>
        </test-method> <!-- Setup -->
        <test-method status="PASS" signature="AddAddress()[pri:0, instance:com.rsabasics.SerializeTest@3b088d51]" name="AddAddress" duration-ms="5530" started-at="2021-06-12T21:42:54 EDT" finished-at="2021-06-12T21:42:59 EDT">
          <reporter-output>
          </reporter-output>
        </test-method> <!-- AddAddress -->
      </class> <!-- com.rsabasics.SerializeTest -->
    </test> <!-- Default test -->
  </suite> <!-- Default suite -->
</testng-results>
